{
  "stats": {
    "suites": 1,
    "tests": 2,
    "passes": 2,
    "pending": 0,
    "failures": 0,
    "start": "2025-11-01T22:28:18.179Z",
    "end": "2025-11-01T22:28:32.519Z",
    "duration": 14340,
    "testsRegistered": 2,
    "passPercent": 100,
    "pendingPercent": 0,
    "other": 0,
    "hasOther": false,
    "skipped": 0,
    "hasSkipped": false
  },
  "results": [
    {
      "uuid": "2c200405-0360-4233-85a4-53a43fac1b48",
      "title": "",
      "fullFile": "cypress\\e2e\\modules\\03-contato\\contact.cy.js",
      "file": "cypress\\e2e\\modules\\03-contato\\contact.cy.js",
      "beforeHooks": [],
      "afterHooks": [],
      "tests": [],
      "suites": [
        {
          "uuid": "aa96c054-0637-4e58-ba1a-e7f46cfff3a7",
          "title": "Página - Contact Us",
          "fullFile": "",
          "file": "",
          "beforeHooks": [],
          "afterHooks": [],
          "tests": [
            {
              "title": "Deve submeter o formulário \"Contact Us Form\" com upload de arquivo",
              "fullTitle": "Página - Contact Us Deve submeter o formulário \"Contact Us Form\" com upload de arquivo",
              "timedOut": null,
              "duration": 8721,
              "state": "passed",
              "speed": "medium",
              "pass": true,
              "fail": false,
              "pending": false,
              "context": null,
              "code": "cy.get('a[href=\"/contact_us\"]').click();\ncy.get('input[data-qa=\"name\"]').type('Rodrigo Barbosa');\ncy.get('input[data-qa=\"email\"]').type('teste@test.com');\ncy.get('input[data-qa=\"subject\"]').type('Teste');\ncy.get('textarea[data-qa=\"message\"]').type('Teste');\n//Exemplo do professor\n//cy.fixture('example.json').as('arquivo')\n//cy.get('input[type=file]').selectFile('@arquivo);\n//Upload de arquivo\ncy.get('input[name=\"upload_file\"]').selectFile('cypress/fixtures/file-upload.json');\ncy.get('input[data-qa=\"submit-button\"]').click();\ncy.contains('Success! Your details have been submitted successfully.').should('be.visible');\ncy.contains('.btn.btn-success', 'Home').click();\ncy.on('window:confirm', () => true);\ncy.url().should('eq', 'https://www.automationexercise.com/');",
              "err": {},
              "uuid": "dc4c5679-4be8-4296-a1ef-5ef8f3f3852c",
              "parentUUID": "aa96c054-0637-4e58-ba1a-e7f46cfff3a7",
              "isHook": false,
              "skipped": false
            },
            {
              "title": "Deve verificar a inscrição na página inicial",
              "fullTitle": "Página - Contact Us Deve verificar a inscrição na página inicial",
              "timedOut": null,
              "duration": 3204,
              "state": "passed",
              "speed": "fast",
              "pass": true,
              "fail": false,
              "pending": false,
              "context": null,
              "code": "const timestamp = new Date().getTime();\nconst email = `test${timestamp}@email.com`;\ncy.get('input[id=\"susbscribe_email\"]').type(email);\ncy.get('#subscribe').click();\ncy.contains('You have been successfully subscribed!').should('be.visible');",
              "err": {},
              "uuid": "f4ef4e1a-b611-406b-8ac9-e1222a3dd15a",
              "parentUUID": "aa96c054-0637-4e58-ba1a-e7f46cfff3a7",
              "isHook": false,
              "skipped": false
            }
          ],
          "suites": [],
          "passes": [
            "dc4c5679-4be8-4296-a1ef-5ef8f3f3852c",
            "f4ef4e1a-b611-406b-8ac9-e1222a3dd15a"
          ],
          "failures": [],
          "pending": [],
          "skipped": [],
          "duration": 11925,
          "root": false,
          "rootEmpty": false,
          "_timeout": 2000
        }
      ],
      "passes": [],
      "failures": [],
      "pending": [],
      "skipped": [],
      "duration": 0,
      "root": true,
      "rootEmpty": true,
      "_timeout": 2000
    }
  ],
  "meta": {
    "mocha": {
      "version": "7.0.1"
    },
    "mochawesome": {
      "options": {
        "quiet": false,
        "reportFilename": "mochawesome",
        "saveHtml": false,
        "saveJson": true,
        "consoleReporter": "spec",
        "useInlineDiffs": false,
        "code": true
      },
      "version": "7.1.4"
    },
    "marge": {
      "options": {
        "reportDir": "cypress/reports/mochawesome",
        "overwrite": false,
        "html": false,
        "json": true
      },
      "version": "6.3.0"
    }
  }
}