{
  "stats": {
    "suites": 1,
    "tests": 2,
    "passes": 2,
    "pending": 0,
    "failures": 0,
    "start": "2025-11-01T23:01:50.705Z",
    "end": "2025-11-01T23:02:29.632Z",
    "duration": 38927,
    "testsRegistered": 2,
    "passPercent": 100,
    "pendingPercent": 0,
    "other": 0,
    "hasOther": false,
    "skipped": 0,
    "hasSkipped": false
  },
  "results": [
    {
      "uuid": "3adb49c0-272e-4045-90ba-4e9fd36077c8",
      "title": "",
      "fullFile": "cypress\\e2e\\modules\\01-cadastro\\register-user.cy.js",
      "file": "cypress\\e2e\\modules\\01-cadastro\\register-user.cy.js",
      "beforeHooks": [],
      "afterHooks": [],
      "tests": [],
      "suites": [
        {
          "uuid": "a0c3b9ce-2913-4f78-a96e-0be40f40f23c",
          "title": "Página de Registro de Usuário",
          "fullFile": "",
          "file": "",
          "beforeHooks": [],
          "afterHooks": [],
          "tests": [
            {
              "title": "Deve navegar para home page e registrar um usuário",
              "fullTitle": "Página de Registro de Usuário Deve navegar para home page e registrar um usuário",
              "timedOut": null,
              "duration": 13418,
              "state": "passed",
              "speed": "slow",
              "pass": true,
              "fail": false,
              "pending": false,
              "context": null,
              "code": "const timestamp = new Date().getTime(); //timestamp, vai gerar um numero unico a cada execução do teste para evitar que o email ja tenha sido cadastrado\ncy.get('a[href=\"/login\"]').click();\ncy.contains('New User Signup!').should('be.visible');\ncy.get('input[data-qa=\"signup-name\"]').type(_faker.faker.person.fullName());\ncy.get('input[data-qa=\"signup-email\"]').type(`test${timestamp}@email.com`);\ncy.get('[data-qa=\"signup-button\"]').click();\ncy.contains('Enter Account Information').should('be.visible');\ncy.get('input[type=radio]').check('Mr');\ncy.get('input[data-qa=\"name\"]').type(_faker.faker.person.fullName());\ncy.get('input[data-qa=\"password\"]').type(_faker.faker.internet.password());\ncy.get('select[data-qa=\"days\"]').select(_faker.faker.number.int({\n  min: 1,\n  max: 28\n}).toString());\ncy.get('select[data-qa=\"months\"]').select(_faker.faker.date.month());\ncy.get('select[data-qa=\"years\"]').select(_faker.faker.date.birthdate({\n  min: 18,\n  max: 80,\n  mode: 'age'\n}).getFullYear().toString());\ncy.get('input[id=\"newsletter\"]').check();\ncy.get('input[id=\"optin\"]').check();\ncy.get('input[data-qa=\"first_name\"]').type(_faker.faker.person.firstName());\ncy.get('input[data-qa=\"last_name\"]').type(_faker.faker.person.lastName());\ncy.get('input[data-qa=\"company\"]').type(_faker.faker.company.name());\ncy.get('input[data-qa=\"address\"]').type(_faker.faker.location.streetAddress());\ncy.get('input[data-qa=\"address2\"]').type(_faker.faker.location.secondaryAddress());\ncy.get('select[data-qa=\"country\"]').select('Canada');\ncy.get('input[data-qa=\"state\"]').type(_faker.faker.location.state());\ncy.get('input[data-qa=\"city\"]').type(_faker.faker.location.city());\ncy.get('input[data-qa=\"zipcode\"]').type(_faker.faker.location.zipCode());\ncy.get('input[data-qa=\"mobile_number\"]').type(_faker.faker.phone.number());\ncy.get('button[data-qa=\"create-account\"]').click();\ncy.contains('Account Created!').should('be.visible');",
              "err": {},
              "uuid": "65b0a9b1-9562-41f3-aae5-df2e258fa41d",
              "parentUUID": "a0c3b9ce-2913-4f78-a96e-0be40f40f23c",
              "isHook": false,
              "skipped": false
            },
            {
              "title": "Deve não permitir registrar usuário com e-mail existente",
              "fullTitle": "Página de Registro de Usuário Deve não permitir registrar usuário com e-mail existente",
              "timedOut": null,
              "duration": 20197,
              "state": "passed",
              "speed": "slow",
              "pass": true,
              "fail": false,
              "pending": false,
              "context": null,
              "code": "const timestamp = new Date().getTime();\nconst email = `test${timestamp}@email.com`;\ncy.get('a[href=\"/login\"]').click();\ncy.contains('New User Signup!').should('be.visible');\ncy.get('input[data-qa=\"signup-name\"]').type(_faker.faker.person.fullName());\ncy.get('input[data-qa=\"signup-email\"]').type(email);\ncy.get('[data-qa=\"signup-button\"]').click();\ncy.contains('Enter Account Information').should('be.visible');\ncy.get('input[type=radio]').check('Mr');\ncy.get('input[data-qa=\"name\"]').type(_faker.faker.person.fullName());\ncy.get('input[data-qa=\"password\"]').type(_faker.faker.internet.password());\ncy.get('select[data-qa=\"days\"]').select('1');\ncy.get('select[data-qa=\"months\"]').select('January');\ncy.get('select[data-qa=\"years\"]').select('1990');\ncy.get('input[data-qa=\"first_name\"]').type(_faker.faker.person.firstName());\ncy.get('input[data-qa=\"last_name\"]').type(_faker.faker.person.lastName());\ncy.get('input[data-qa=\"address\"]').type(_faker.faker.location.streetAddress());\ncy.get('select[data-qa=\"country\"]').select('United States');\ncy.get('input[data-qa=\"state\"]').type(_faker.faker.location.state());\ncy.get('input[data-qa=\"city\"]').type(_faker.faker.location.city());\ncy.get('input[data-qa=\"zipcode\"]').type(_faker.faker.location.zipCode());\ncy.get('input[data-qa=\"mobile_number\"]').type(_faker.faker.phone.number());\ncy.get('button[data-qa=\"create-account\"]').click();\ncy.contains('Account Created!').should('be.visible');\ncy.contains('Continue').click();\ncy.contains('Logout').click();\ncy.get('a[href=\"/login\"]').click();\ncy.contains('New User Signup!').should('be.visible');\ncy.get('input[data-qa=\"signup-name\"]').type(_faker.faker.person.fullName());\ncy.get('input[data-qa=\"signup-email\"]').type(email);\ncy.get('[data-qa=\"signup-button\"]').click();\ncy.contains('Email Address already exist!').should('be.visible');",
              "err": {},
              "uuid": "b15177e1-c37f-4b70-8e0d-e2a5a10d8eb2",
              "parentUUID": "a0c3b9ce-2913-4f78-a96e-0be40f40f23c",
              "isHook": false,
              "skipped": false
            }
          ],
          "suites": [],
          "passes": [
            "65b0a9b1-9562-41f3-aae5-df2e258fa41d",
            "b15177e1-c37f-4b70-8e0d-e2a5a10d8eb2"
          ],
          "failures": [],
          "pending": [],
          "skipped": [],
          "duration": 33615,
          "root": false,
          "rootEmpty": false,
          "_timeout": 2000
        }
      ],
      "passes": [],
      "failures": [],
      "pending": [],
      "skipped": [],
      "duration": 0,
      "root": true,
      "rootEmpty": true,
      "_timeout": 2000
    }
  ],
  "meta": {
    "mocha": {
      "version": "7.0.1"
    },
    "mochawesome": {
      "options": {
        "quiet": false,
        "reportFilename": "mochawesome",
        "saveHtml": false,
        "saveJson": true,
        "consoleReporter": "spec",
        "useInlineDiffs": false,
        "code": true
      },
      "version": "7.1.4"
    },
    "marge": {
      "options": {
        "reportDir": "cypress/reports/mochawesome",
        "overwrite": false,
        "html": false,
        "json": true
      },
      "version": "6.3.0"
    }
  }
}