{
  "stats": {
    "suites": 1,
    "tests": 1,
    "passes": 1,
    "pending": 0,
    "failures": 0,
    "start": "2025-11-01T23:03:08.448Z",
    "end": "2025-11-01T23:03:29.504Z",
    "duration": 21056,
    "testsRegistered": 1,
    "passPercent": 100,
    "pendingPercent": 0,
    "other": 0,
    "hasOther": false,
    "skipped": 0,
    "hasSkipped": false
  },
  "results": [
    {
      "uuid": "cc2f99e5-b523-4979-bcf4-d946258a2f5e",
      "title": "",
      "fullFile": "cypress\\e2e\\modules\\02-login\\login.cy.js",
      "file": "cypress\\e2e\\modules\\02-login\\login.cy.js",
      "beforeHooks": [],
      "afterHooks": [],
      "tests": [],
      "suites": [
        {
          "uuid": "6c986933-f80c-4720-8ff4-5488ec643684",
          "title": "Página de Login/Logout",
          "fullFile": "",
          "file": "",
          "beforeHooks": [],
          "afterHooks": [],
          "tests": [
            {
              "title": "Logout User  ",
              "fullTitle": "Página de Login/Logout Logout User  ",
              "timedOut": null,
              "duration": 16106,
              "state": "passed",
              "speed": "slow",
              "pass": true,
              "fail": false,
              "pending": false,
              "context": null,
              "code": "const timestamp = new Date().getTime();\nconst mail = `test${timestamp}@email.com`;\nconst password = _faker.faker.internet.password();\nconst fullName = _faker.faker.person.fullName();\ncy.get('a[href=\"/login\"]').click();\ncy.contains('New User Signup!').should('be.visible');\ncy.get('input[data-qa=\"signup-name\"]').type(fullName);\ncy.get('input[data-qa=\"signup-email\"]').type(mail);\ncy.get('[data-qa=\"signup-button\"]').click();\ncy.contains('Enter Account Information').should('be.visible');\ncy.get('input[type=\"radio\"]').first().check();\ncy.get('input[data-qa=\"name\"]').type(fullName);\ncy.get('input[data-qa=\"password\"]').type(password);\ncy.get('select[data-qa=\"days\"]').select(_faker.faker.number.int({\n  min: 1,\n  max: 28\n}).toString());\ncy.get('select[data-qa=\"months\"]').select(_faker.faker.date.month());\ncy.get('select[data-qa=\"years\"]').select(_faker.faker.date.birthdate({\n  min: 18,\n  max: 80,\n  mode: 'age'\n}).getFullYear().toString());\ncy.get('input[id=\"newsletter\"]').check();\ncy.get('input[id=\"optin\"]').check();\ncy.get('input[data-qa=\"first_name\"]').type(_faker.faker.person.firstName());\ncy.get('input[data-qa=\"last_name\"]').type(_faker.faker.person.lastName());\ncy.get('input[data-qa=\"company\"]').type(_faker.faker.company.name());\ncy.get('input[data-qa=\"address\"]').type(_faker.faker.location.streetAddress());\ncy.get('input[data-qa=\"address2\"]').type(_faker.faker.location.secondaryAddress());\ncy.get('select[data-qa=\"country\"]').select('Canada');\ncy.get('input[data-qa=\"state\"]').type(_faker.faker.location.state());\ncy.get('input[data-qa=\"city\"]').type(_faker.faker.location.city());\ncy.get('input[data-qa=\"zipcode\"]').type(_faker.faker.location.zipCode());\ncy.get('input[data-qa=\"mobile_number\"]').type(_faker.faker.phone.number());\ncy.get('button[data-qa=\"create-account\"]').click();\ncy.contains('Account Created!').should('be.visible');\ncy.get('[data-qa=\"continue-button\"]').click();\ncy.get('a[href=\"/logout\"]').should('be.visible').click();\ncy.url().should('include', '/login');",
              "err": {},
              "uuid": "a4145365-cee3-4524-b478-4281ec19699c",
              "parentUUID": "6c986933-f80c-4720-8ff4-5488ec643684",
              "isHook": false,
              "skipped": false
            }
          ],
          "suites": [],
          "passes": [
            "a4145365-cee3-4524-b478-4281ec19699c"
          ],
          "failures": [],
          "pending": [],
          "skipped": [],
          "duration": 16106,
          "root": false,
          "rootEmpty": false,
          "_timeout": 2000
        }
      ],
      "passes": [],
      "failures": [],
      "pending": [],
      "skipped": [],
      "duration": 0,
      "root": true,
      "rootEmpty": true,
      "_timeout": 2000
    }
  ],
  "meta": {
    "mocha": {
      "version": "7.0.1"
    },
    "mochawesome": {
      "options": {
        "quiet": false,
        "reportFilename": "mochawesome",
        "saveHtml": false,
        "saveJson": true,
        "consoleReporter": "spec",
        "useInlineDiffs": false,
        "code": true
      },
      "version": "7.1.4"
    },
    "marge": {
      "options": {
        "reportDir": "cypress/reports/mochawesome",
        "overwrite": false,
        "html": false,
        "json": true
      },
      "version": "6.3.0"
    }
  }
}